<?xml version="1.0" encoding="UTF-8"?>
<!-- Generated by org.testng.reporters.JUnitReportReporter -->
<testsuite hostname="LAPTOP-DLCP2JCN" failures="0" tests="1" name="Tests.AddProducts" time="50.415" errors="0" timestamp="2023-09-13T18:16:37 IST" skipped="0">
  <testcase classname="Tests.AddProducts" name="AddSimpleProduct" time="50.415"/>
</testsuite> <!-- Tests.AddProducts -->
