<?xml version="1.0" encoding="UTF-8"?>
<!-- Generated by org.testng.reporters.JUnitReportReporter -->
<testsuite hostname="LAPTOP-DLCP2JCN" failures="0" tests="1" name="Tests.login" time="31.048" errors="0" timestamp="2023-09-12T22:49:05 IST" skipped="0">
  <testcase classname="Tests.login" name="testlogin" time="31.048"/>
</testsuite> <!-- Tests.login -->
