<?xml version="1.0" encoding="UTF-8"?>
<!-- Generated by org.testng.reporters.JUnitReportReporter -->
<testsuite hostname="LAPTOP-DLCP2JCN" failures="0" tests="1" name="Tests.LoginTest" time="33.778" errors="0" timestamp="2023-09-13T18:12:40 IST" skipped="0">
  <testcase classname="Tests.LoginTest" name="testLoginTest" time="33.778"/>
</testsuite> <!-- Tests.LoginTest -->
