<?xml version="1.0" encoding="UTF-8"?>
<!-- Generated by org.testng.reporters.JUnitReportReporter -->
<testsuite hostname="LAPTOP-DLCP2JCN" failures="0" tests="2" name="Tests.PlacingOrder" time="1.959" errors="1" timestamp="2023-09-13T09:02:29 IST" skipped="1">
  <testcase classname="Tests.PlacingOrder" name="PlacingOrders" time="0.000">
    <skipped/>
  </testcase> <!-- PlacingOrders -->
  <testcase classname="Tests.PlacingOrder" name="setUp" time="1.959">
    <error message="Could not start a new session. Response code 404. Message: The requested resource could not be found, or a request was received using an HTTP method that is not supported by the mapped resource 
Host info: host: &#039;LAPTOP-DLCP2JCN&#039;, ip: &#039;192.168.0.103&#039;
Build info: version: &#039;4.12.1&#039;, revision: &#039;8e34639b11&#039;
System info: os.name: &#039;Windows 11&#039;, os.arch: &#039;amd64&#039;, os.version: &#039;10.0&#039;, java.version: &#039;17.0.8&#039;
Driver info: io.appium.java_client.android.AndroidDriver
Command: [null, newSession {capabilities=[{appium:appActivity=com.bitnudge.ime.parent.view.activities.SplashActivity, appium:appPackage=com.bitnudge.ime.shopkey.shopkey, appium:automationName=UiAutomator2, appium:deviceName=Infinix, platformName=ANDROID, appium:reportDirectory=reports, appium:reportFormat=xml, appium:testName=Placing the Order, appium:udid=084113125P054404}], desiredCapabilities=Capabilities {appActivity: com.bitnudge.ime.parent.vie..., appPackage: com.bitnudge.ime.shopkey.sh..., automationName: UiAutomator2, deviceName: Infinix, platformName: ANDROID, reportDirectory: reports, reportFormat: xml, testName: Placing the Order, udid: 084113125P054404}}]
Capabilities {appActivity: com.bitnudge.ime.parent.vie..., appPackage: com.bitnudge.ime.shopkey.sh..., automationName: UiAutomator2, deviceName: Infinix, platformName: ANDROID, reportDirectory: reports, reportFormat: xml, testName: Placing the Order, udid: 084113125P054404}" type="org.openqa.selenium.SessionNotCreatedException">
      <![CDATA[org.openqa.selenium.SessionNotCreatedException: Could not start a new session. Response code 404. Message: The requested resource could not be found, or a request was received using an HTTP method that is not supported by the mapped resource 
Host info: host: 'LAPTOP-DLCP2JCN', ip: '192.168.0.103'
Build info: version: '4.12.1', revision: '8e34639b11'
System info: os.name: 'Windows 11', os.arch: 'amd64', os.version: '10.0', java.version: '17.0.8'
Driver info: io.appium.java_client.android.AndroidDriver
Command: [null, newSession {capabilities=[{appium:appActivity=com.bitnudge.ime.parent.view.activities.SplashActivity, appium:appPackage=com.bitnudge.ime.shopkey.shopkey, appium:automationName=UiAutomator2, appium:deviceName=Infinix, platformName=ANDROID, appium:reportDirectory=reports, appium:reportFormat=xml, appium:testName=Placing the Order, appium:udid=084113125P054404}], desiredCapabilities=Capabilities {appActivity: com.bitnudge.ime.parent.vie..., appPackage: com.bitnudge.ime.shopkey.sh..., automationName: UiAutomator2, deviceName: Infinix, platformName: ANDROID, reportDirectory: reports, reportFormat: xml, testName: Placing the Order, udid: 084113125P054404}}]
Capabilities {appActivity: com.bitnudge.ime.parent.vie..., appPackage: com.bitnudge.ime.shopkey.sh..., automationName: UiAutomator2, deviceName: Infinix, platformName: ANDROID, reportDirectory: reports, reportFormat: xml, testName: Placing the Order, udid: 084113125P054404}
at org.openqa.selenium.remote.ProtocolHandshake.createSession(ProtocolHandshake.java:140)
at java.base/jdk.internal.reflect.NativeMethodAccessorImpl.invoke0(Native Method)
at java.base/jdk.internal.reflect.NativeMethodAccessorImpl.invoke(NativeMethodAccessorImpl.java:77)
at java.base/jdk.internal.reflect.DelegatingMethodAccessorImpl.invoke(DelegatingMethodAccessorImpl.java:43)
at java.base/java.lang.reflect.Method.invoke(Method.java:568)
at io.appium.java_client.remote.AppiumProtocolHandshake.createSession(AppiumProtocolHandshake.java:133)
at io.appium.java_client.remote.AppiumProtocolHandshake.createSession(AppiumProtocolHandshake.java:102)
at io.appium.java_client.remote.AppiumCommandExecutor.createSession(AppiumCommandExecutor.java:182)
at io.appium.java_client.remote.AppiumCommandExecutor.execute(AppiumCommandExecutor.java:250)
at org.openqa.selenium.remote.RemoteWebDriver.execute(RemoteWebDriver.java:602)
at io.appium.java_client.AppiumDriver.startSession(AppiumDriver.java:274)
at org.openqa.selenium.remote.RemoteWebDriver.<init>(RemoteWebDriver.java:163)
at io.appium.java_client.AppiumDriver.<init>(AppiumDriver.java:89)
at io.appium.java_client.AppiumDriver.<init>(AppiumDriver.java:101)
at io.appium.java_client.android.AndroidDriver.<init>(AndroidDriver.java:113)
at Tests.PlacingOrder.setUp(PlacingOrder.java:58)
at java.base/jdk.internal.reflect.NativeMethodAccessorImpl.invoke0(Native Method)
at java.base/jdk.internal.reflect.NativeMethodAccessorImpl.invoke(NativeMethodAccessorImpl.java:77)
at java.base/jdk.internal.reflect.DelegatingMethodAccessorImpl.invoke(DelegatingMethodAccessorImpl.java:43)
at java.base/java.lang.reflect.Method.invoke(Method.java:568)
at org.testng.internal.invokers.MethodInvocationHelper.invokeMethod(MethodInvocationHelper.java:139)
at org.testng.internal.invokers.MethodInvocationHelper.invokeMethodConsideringTimeout(MethodInvocationHelper.java:69)
at org.testng.internal.invokers.ConfigInvoker.invokeConfigurationMethod(ConfigInvoker.java:390)
at org.testng.internal.invokers.ConfigInvoker.invokeConfigurations(ConfigInvoker.java:325)
at org.testng.internal.invokers.TestInvoker.runConfigMethods(TestInvoker.java:810)
at org.testng.internal.invokers.TestInvoker.invokeMethod(TestInvoker.java:577)
at org.testng.internal.invokers.TestInvoker.invokeTestMethod(TestInvoker.java:227)
at org.testng.internal.invokers.MethodRunner.runInSequence(MethodRunner.java:50)
at org.testng.internal.invokers.TestInvoker$MethodInvocationAgent.invoke(TestInvoker.java:957)
at org.testng.internal.invokers.TestInvoker.invokeTestMethods(TestInvoker.java:200)
at org.testng.internal.invokers.TestMethodWorker.invokeTestMethods(TestMethodWorker.java:148)
at org.testng.internal.invokers.TestMethodWorker.run(TestMethodWorker.java:128)
at java.base/java.util.ArrayList.forEach(ArrayList.java:1511)
at org.testng.TestRunner.privateRun(TestRunner.java:848)
at org.testng.TestRunner.run(TestRunner.java:621)
at org.testng.SuiteRunner.runTest(SuiteRunner.java:443)
at org.testng.SuiteRunner.runSequentially(SuiteRunner.java:437)
at org.testng.SuiteRunner.privateRun(SuiteRunner.java:397)
at org.testng.SuiteRunner.run(SuiteRunner.java:336)
at org.testng.SuiteRunnerWorker.runSuite(SuiteRunnerWorker.java:52)
at org.testng.SuiteRunnerWorker.run(SuiteRunnerWorker.java:95)
at org.testng.TestNG.runSuitesSequentially(TestNG.java:1280)
at org.testng.TestNG.runSuitesLocally(TestNG.java:1200)
at org.testng.TestNG.runSuites(TestNG.java:1114)
at org.testng.TestNG.run(TestNG.java:1082)
at org.testng.remote.AbstractRemoteTestNG.run(AbstractRemoteTestNG.java:115)
at org.testng.remote.RemoteTestNG.initAndRun(RemoteTestNG.java:251)
at org.testng.remote.RemoteTestNG.main(RemoteTestNG.java:77)
]]>
    </error>
  </testcase> <!-- setUp -->
</testsuite> <!-- Tests.PlacingOrder -->
